<?xml version="1.0" encoding="UTF-8"?>
<!-- Generated by org.testng.reporters.JUnitXMLReporter -->
<testsuite ignored="1" hostname="MSI" failures="0" tests="2" name="Groups" time="0.089" errors="0" timestamp="2025-03-13T07:21:50 IST">
  <testcase classname="test.Groups_2" name="sanity" time="0.015"/>
  <testcase classname="test.Groups_2" name="smoke" time="0.002"/>
  <testcase classname="test.Groups_2" name="RegressionSanity" time="0.0">
    <ignored/>
  </testcase> <!-- RegressionSanity -->
</testsuite> <!-- Groups -->
