<?xml version="1.0" encoding="UTF-8"?>
<testng-results ignored="0" total="2" passed="2" failed="0" skipped="0">
  <reporter-output>
  </reporter-output>
  <suite started-at="2025-03-18T21:45:04 IST" name="Default suite" finished-at="2025-03-18T21:45:04 IST" duration-ms="89">
    <groups>
    </groups>
    <test started-at="2025-03-18T21:45:04 IST" name="Default test" finished-at="2025-03-18T21:45:04 IST" duration-ms="89">
      <class name="Dataprovider3">
        <test-method signature="actual(java.lang.String,java.lang.String)[pri:0, instance:Dataprovider3@6b2ea799]" started-at="2025-03-18T21:45:04 IST" name="actual" data-provider="Test" finished-at="2025-03-18T21:45:04 IST" duration-ms="12" status="PASS">
          <params>
            <param index="0">
              <value>
                <![CDATA[Nani]]>
              </value>
            </param>
            <param index="1">
              <value>
                <![CDATA[P]]>
              </value>
            </param>
          </params>
          <reporter-output>
          </reporter-output>
        </test-method> <!-- actual -->
        <test-method signature="actual(java.lang.String,java.lang.String)[pri:0, instance:Dataprovider3@6b2ea799]" started-at="2025-03-18T21:45:04 IST" name="actual" data-provider="Test" finished-at="2025-03-18T21:45:04 IST" duration-ms="2" status="PASS">
          <params>
            <param index="0">
              <value>
                <![CDATA[P]]>
              </value>
            </param>
            <param index="1">
              <value>
                <![CDATA[Nani]]>
              </value>
            </param>
          </params>
          <reporter-output>
          </reporter-output>
        </test-method> <!-- actual -->
      </class> <!-- Dataprovider3 -->
    </test> <!-- Default test -->
  </suite> <!-- Default suite -->
</testng-results>
